[debug] [2020-02-09T22:39:53.391Z] ----------------------------------------------------------------------
[debug] [2020-02-09T22:39:53.393Z] Command:       C:\Program Files\nodejs\node.exe C:\Users\Silverback\AppData\Roaming\npm\node_modules\firebase-tools\lib\bin\firebase.js init
[debug] [2020-02-09T22:39:53.393Z] CLI Version:   7.12.1
[debug] [2020-02-09T22:39:53.393Z] Platform:      win32
[debug] [2020-02-09T22:39:53.393Z] Node Version:  v11.3.0
[debug] [2020-02-09T22:39:53.394Z] Time:          Sun Feb 09 2020 17:39:53 GMT-0500 (Eastern Standard Time)
[debug] [2020-02-09T22:39:53.394Z] ----------------------------------------------------------------------
[debug] [2020-02-09T22:39:53.394Z] 
[debug] [2020-02-09T22:39:53.401Z] > command requires scopes: ["email","openid","https://www.googleapis.com/auth/cloudplatformprojects.readonly","https://www.googleapis.com/auth/firebase","https://www.googleapis.com/auth/cloud-platform"]
[debug] [2020-02-09T22:39:53.402Z] > authorizing via signed-in user
[info] 
     ######## #### ########  ######## ########     ###     ######  ########
     ##        ##  ##     ## ##       ##     ##  ##   ##  ##       ##
     ######    ##  ########  ######   ########  #########  ######  ######
     ##        ##  ##    ##  ##       ##     ## ##     ##       ## ##
     ##       #### ##     ## ######## ########  ##     ##  ######  ########

You're about to initialize a Firebase project in this directory:

  C:\Users\Silverback\Desktop\Punk_House\Punk_House\punk-house

[info] 
=== Project Setup
[info] 
[info] First, let's associate this project directory with a Firebase project.
[info] You can create multiple project aliases by running firebase use --add, 
[info] but for now we'll just set up a default project.
[info] 
[debug] [2020-02-09T22:40:38.646Z] > refreshing access token with scopes: ["email","https://www.googleapis.com/auth/cloud-platform","https://www.googleapis.com/auth/cloudplatformprojects.readonly","https://www.googleapis.com/auth/firebase","openid"]
[debug] [2020-02-09T22:40:38.647Z] >>> HTTP REQUEST POST https://www.googleapis.com/oauth2/v3/token  
 <request body omitted>
[debug] [2020-02-09T22:40:39.854Z] <<< HTTP RESPONSE 200
[debug] [2020-02-09T22:40:39.869Z] >>> HTTP REQUEST GET https://firebase.googleapis.com/v1beta1/projects?pageSize=100  
 
[debug] [2020-02-09T22:40:40.111Z] <<< HTTP RESPONSE 200
[info] i  Using project punk-house (Punk House)
[info] 
=== Database Setup
[info] 
[info] Firebase Realtime Database Rules allow you to define how your data should be
[info] structured and when your data can be read from and written to.
[info] 
[debug] [2020-02-09T22:40:57.189Z] ----------------------------------------------------------------------
[debug] [2020-02-09T22:40:57.191Z] Command:       C:\Program Files\nodejs\node.exe C:\Users\Silverback\AppData\Roaming\npm\node_modules\firebase-tools\lib\bin\firebase.js init
[debug] [2020-02-09T22:40:57.192Z] CLI Version:   7.12.1
[debug] [2020-02-09T22:40:57.192Z] Platform:      win32
[debug] [2020-02-09T22:40:57.192Z] Node Version:  v11.3.0
[debug] [2020-02-09T22:40:57.193Z] Time:          Sun Feb 09 2020 17:40:57 GMT-0500 (Eastern Standard Time)
[debug] [2020-02-09T22:40:57.193Z] ----------------------------------------------------------------------
[debug] [2020-02-09T22:40:57.193Z] 
[debug] [2020-02-09T22:40:57.200Z] > command requires scopes: ["email","openid","https://www.googleapis.com/auth/cloudplatformprojects.readonly","https://www.googleapis.com/auth/firebase","https://www.googleapis.com/auth/cloud-platform"]
[debug] [2020-02-09T22:40:57.200Z] > authorizing via signed-in user
[info] 
     ######## #### ########  ######## ########     ###     ######  ########
     ##        ##  ##     ## ##       ##     ##  ##   ##  ##       ##
     ######    ##  ########  ######   ########  #########  ######  ######
     ##        ##  ##    ##  ##       ##     ## ##     ##       ## ##
     ##       #### ##     ## ######## ########  ##     ##  ######  ########

You're about to initialize a Firebase project in this directory:

  C:\Users\Silverback\Desktop\Punk_House\Punk_House\punk-house

[info] 
=== Project Setup
[info] 
[info] First, let's associate this project directory with a Firebase project.
[info] You can create multiple project aliases by running firebase use --add, 
[info] but for now we'll just set up a default project.
[info] 
[debug] [2020-02-09T22:41:13.199Z] >>> HTTP REQUEST GET https://firebase.googleapis.com/v1beta1/projects?pageSize=100  
 
[debug] [2020-02-09T22:41:13.426Z] <<< HTTP RESPONSE 200
[info] i  Using project punk-house (Punk House)
[info] 
=== Hosting Setup
[info] 
[info] Your public directory is the folder (relative to your project directory) that
[info] will contain Hosting assets to be uploaded with firebase deploy. If you
[info] have a build process for your assets, use your build's output directory.
[info] 
